#
# There is insufficient memory for the Java Runtime Environment to continue.
# Native memory allocation (mmap) failed to map 262144000 bytes for G1 virtual space
# Possible reasons:
#   The system is out of physical RAM or swap space
#   The process is running with CompressedOops enabled, and the Java Heap may be blocking the growth of the native heap
# Possible solutions:
#   Reduce memory load on the system
#   Increase physical memory or swap space
#   Check if swap backing store is full
#   Decrease Java heap size (-Xmx/-Xms)
#   Decrease number of Java threads
#   Decrease Java thread stack sizes (-Xss)
#   Set larger code cache with -XX:ReservedCodeCacheSize=
#   JVM is running with Zero Based Compressed Oops mode in which the Java heap is
#     placed in the first 32GB address space. The Java Heap base address is the
#     maximum limit for the native heap growth. Please use -XX:HeapBaseMinAddress
#     to set the Java Heap base and to place the Java Heap above 32GB virtual address.
# This output file may be truncated or incomplete.
#
#  Out of Memory Error (os_windows.cpp:3769), pid=21776, tid=18256
#
# JRE version:  (17.0.6) (build )
# Java VM: OpenJDK 64-Bit Server VM (17.0.6+0-b2043.56-9586694, mixed mode, sharing, tiered, compressed oops, compressed class ptrs, g1 gc, windows-amd64)
# No core dump will be written. Minidumps are not enabled by default on client versions of Windows
#

---------------  S U M M A R Y ------------

Command Line: org.jetbrains.kotlin.cli.jvm.K2JVMCompiler @C:\Users\alfre\OneDrive\Escritorio\copia de seguridad 21 de marzo 2023\Kerkly app1\app\build\20230824_14800437270373189053.compiler.options

Host: 11th Gen Intel(R) Core(TM) i7-1165G7 @ 2.80GHz, 8 cores, 15G,  Windows 11 , 64 bit Build 22621 (10.0.22621.2070)
Time: Thu Aug 24 16:59:13 2023 Hora estándar central (México) elapsed time: 0.014420 seconds (0d 0h 0m 0s)

---------------  T H R E A D  ---------------

Current thread (0x0000026fb3dfc910):  JavaThread "Unknown thread" [_thread_in_vm, id=18256, stack(0x000000df5a200000,0x000000df5a300000)]

Stack: [0x000000df5a200000,0x000000df5a300000]
Native frames: (J=compiled Java code, j=interpreted, Vv=VM code, C=native code)
V  [jvm.dll+0x683b4a]
V  [jvm.dll+0x842654]
V  [jvm.dll+0x843dfe]
V  [jvm.dll+0x844463]
V  [jvm.dll+0x249b75]
V  [jvm.dll+0x680a19]
V  [jvm.dll+0x674f0a]
V  [jvm.dll+0x309acb]
V  [jvm.dll+0x310f86]
V  [jvm.dll+0x3608ee]
V  [jvm.dll+0x360b1f]
V  [jvm.dll+0x2dfbf8]
V  [jvm.dll+0x2e0b64]
V  [jvm.dll+0x813f41]
V  [jvm.dll+0x36e6a1]
V  [jvm.dll+0x7f347c]
V  [jvm.dll+0x3f0e8f]
V  [jvm.dll+0x3f29d1]
C  [jli.dll+0x526b]
C  [ucrtbase.dll+0x29363]
C  [KERNEL32.DLL+0x126ad]
C  [ntdll.dll+0x5aa68]


---------------  P R O C E S S  ---------------

Threads class SMR info:
_java_thread_list=0x00007ffd87e7c058, length=0, elements={
}

Java Threads: ( => current thread )

Other Threads:
  0x0000026fb3e65c90 GCTaskThread "GC Thread#0" [stack: 0x000000df5a300000,0x000000df5a400000] [id=2816]
  0x0000026fb3e764d0 ConcurrentGCThread "G1 Main Marker" [stack: 0x000000df5a400000,0x000000df5a500000] [id=24120]
  0x0000026fb3e77040 ConcurrentGCThread "G1 Conc#0" [stack: 0x000000df5a500000,0x000000df5a600000] [id=23856]

[error occurred during error reporting (printing all threads), id 0xc0000005, EXCEPTION_ACCESS_VIOLATION (0xc0000005) at pc=0x00007ffd87630797]

VM state: not at safepoint (not fully initialized)

VM Mutex/Monitor currently owned by a thread:  ([mutex/lock_event])
[0x0000026fb3dfb010] Heap_lock - owner thread: 0x0000026fb3dfc910

Heap address: 0x0000000707000000, size: 3984 MB, Compressed Oops mode: Zero based, Oop shift amount: 3

CDS archive(s) mapped at: [0x0000000000000000-0x0000000000000000-0x0000000000000000), size 0, SharedBaseAddress: 0x0000000800000000, ArchiveRelocationMode: 0.
Narrow klass base: 0x0000000000000000, Narrow klass shift: 0, Narrow klass range: 0x0

GC Precious Log:
<Empty>

Heap:
 garbage-first heap   total 0K, used 0K [0x0000000707000000, 0x0000000800000000)
  region size 2048K, 0 young (0K), 0 survivors (0K)

[error occurred during error reporting (printing heap information), id 0xc0000005, EXCEPTION_ACCESS_VIOLATION (0xc0000005) at pc=0x00007ffd87a1d939]

GC Heap History (0 events):
No events

Dll operation events (1 events):
Event: 0.009 Loaded shared library C:\Program Files\Android\Android Studio1\jbr\bin\java.dll

Deoptimization events (0 events):
No events

Classes unloaded (0 events):
No events

Classes redefined (0 events):
No events

Internal exceptions (0 events):
No events

VM Operations (0 events):
No events

Events (0 events):
No events


Dynamic libraries:
0x00007ff684b90000 - 0x00007ff684b9a000 	C:\Program Files\Android\Android Studio1\jbr\bin\java.exe
0x00007ffdf30d0000 - 0x00007ffdf32e4000 	C:\WINDOWS\SYSTEM32\ntdll.dll
0x00007ffdf2050000 - 0x00007ffdf2114000 	C:\WINDOWS\System32\KERNEL32.DLL
0x00007ffdf0950000 - 0x00007ffdf0cf4000 	C:\WINDOWS\System32\KERNELBASE.dll
0x00007ffdf0650000 - 0x00007ffdf0761000 	C:\WINDOWS\System32\ucrtbase.dll
0x00007ffdba0f0000 - 0x00007ffdba107000 	C:\Program Files\Android\Android Studio1\jbr\bin\jli.dll
0x00007ffdb8f70000 - 0x00007ffdb8f8b000 	C:\Program Files\Android\Android Studio1\jbr\bin\VCRUNTIME140.dll
0x00007ffdf1ce0000 - 0x00007ffdf1e8a000 	C:\WINDOWS\System32\USER32.dll
0x00007ffdf0620000 - 0x00007ffdf0646000 	C:\WINDOWS\System32\win32u.dll
0x00007ffde0c40000 - 0x00007ffde0ecf000 	C:\WINDOWS\WinSxS\amd64_microsoft.windows.common-controls_6595b64144ccf1df_6.0.22621.2070_none_2713e6537381f706\COMCTL32.dll
0x00007ffdf1cb0000 - 0x00007ffdf1cd9000 	C:\WINDOWS\System32\GDI32.dll
0x00007ffdf0d70000 - 0x00007ffdf0e89000 	C:\WINDOWS\System32\gdi32full.dll
0x00007ffdf0830000 - 0x00007ffdf08ca000 	C:\WINDOWS\System32\msvcp_win.dll
0x00007ffdf1ba0000 - 0x00007ffdf1c47000 	C:\WINDOWS\System32\msvcrt.dll
0x00007ffdf2390000 - 0x00007ffdf23c1000 	C:\WINDOWS\System32\IMM32.DLL
0x00007ffdd8fa0000 - 0x00007ffdd8fac000 	C:\Program Files\Android\Android Studio1\jbr\bin\vcruntime140_1.dll
0x00007ffd958e0000 - 0x00007ffd9596d000 	C:\Program Files\Android\Android Studio1\jbr\bin\msvcp140.dll
0x00007ffd87340000 - 0x00007ffd87fad000 	C:\Program Files\Android\Android Studio1\jbr\bin\server\jvm.dll
0x00007ffdf2f00000 - 0x00007ffdf2fb0000 	C:\WINDOWS\System32\ADVAPI32.dll
0x00007ffdf2e50000 - 0x00007ffdf2ef6000 	C:\WINDOWS\System32\sechost.dll
0x00007ffdf2ca0000 - 0x00007ffdf2db7000 	C:\WINDOWS\System32\RPCRT4.dll
0x00007ffde56d0000 - 0x00007ffde56da000 	C:\WINDOWS\SYSTEM32\VERSION.dll
0x00007ffde4c70000 - 0x00007ffde4ca4000 	C:\WINDOWS\SYSTEM32\WINMM.dll
0x00007ffdd99d0000 - 0x00007ffdd99d9000 	C:\WINDOWS\SYSTEM32\WSOCK32.dll
0x00007ffdf2300000 - 0x00007ffdf2371000 	C:\WINDOWS\System32\WS2_32.dll
0x00007ffdef590000 - 0x00007ffdef5a8000 	C:\WINDOWS\SYSTEM32\kernel.appcore.dll
0x00007ffde3d40000 - 0x00007ffde3d4a000 	C:\Program Files\Android\Android Studio1\jbr\bin\jimage.dll
0x00007ffdede70000 - 0x00007ffdee09e000 	C:\WINDOWS\SYSTEM32\DBGHELP.DLL
0x00007ffdf1710000 - 0x00007ffdf1a9a000 	C:\WINDOWS\System32\combase.dll
0x00007ffdf2fb0000 - 0x00007ffdf3087000 	C:\WINDOWS\System32\OLEAUT32.dll
0x00007ffde3ce0000 - 0x00007ffde3d12000 	C:\WINDOWS\SYSTEM32\dbgcore.DLL
0x00007ffdf08d0000 - 0x00007ffdf094a000 	C:\WINDOWS\System32\bcryptPrimitives.dll
0x00007ffddaf00000 - 0x00007ffddaf25000 	C:\Program Files\Android\Android Studio1\jbr\bin\java.dll

dbghelp: loaded successfully - version: 4.0.5 - missing functions: none
symbol engine: initialized successfully - sym options: 0x614 - pdb path: .;C:\Program Files\Android\Android Studio1\jbr\bin;C:\WINDOWS\SYSTEM32;C:\WINDOWS\WinSxS\amd64_microsoft.windows.common-controls_6595b64144ccf1df_6.0.22621.2070_none_2713e6537381f706;C:\Program Files\Android\Android Studio1\jbr\bin\server

VM Arguments:
java_command: org.jetbrains.kotlin.cli.jvm.K2JVMCompiler @C:\Users\alfre\OneDrive\Escritorio\copia de seguridad 21 de marzo 2023\Kerkly app1\app\build\20230824_14800437270373189053.compiler.options
java_class_path (initial): C:\Users\alfre\.gradle\caches\modules-2\files-2.1\org.jetbrains.kotlin\kotlin-compiler-embeddable\1.8.10\b0757fd774344d54ce93f5ad6c30ba1c1731c8ff\kotlin-compiler-embeddable-1.8.10.jar;C:\Users\alfre\.gradle\caches\modules-2\files-2.1\org.jetbrains.kotlin\kotlin-stdlib\1.8.10\6d5560a229477df9406943d5feda5618e98eb64c\kotlin-stdlib-1.8.10.jar;C:\Users\alfre\.gradle\caches\modules-2\files-2.1\org.jetbrains.kotlin\kotlin-script-runtime\1.8.10\b13ea9c7e46d589139e56086a878763290e20bd5\kotlin-script-runtime-1.8.10.jar;C:\Users\alfre\.gradle\caches\modules-2\files-2.1\org.jetbrains.kotlin\kotlin-reflect\1.6.10\1cbe9c92c12a94eea200d23c2bbaedaf3daf5132\kotlin-reflect-1.6.10.jar;C:\Users\alfre\.gradle\caches\modules-2\files-2.1\org.jetbrains.kotlin\kotlin-daemon-embeddable\1.8.10\ad8541d9bc1cf9e52c3204161247910c2cf601d4\kotlin-daemon-embeddable-1.8.10.jar;C:\Users\alfre\.gradle\caches\modules-2\files-2.1\org.jetbrains.intellij.deps\trove4j\1.0.20200330\3afb14d5f9ceb459d724e907a21145e8ff394f02\trove4j-1.0.20200330.jar;C:\Users\alfre\.gradle\caches\modules-2\files-2.1\net.java.dev.jna\jna\5.6.0\330f2244e9030119ab3030fc3fededc86713d9cc\jna-5.6.0.jar;C:\Users\alfre\.gradle\caches\modules-2\files-2.1\org.jetbrains.kotlin\kotlin-stdlib-common\1.8.10\a61b182458550492c12aee66157d7b524a63a5ec\kotlin-stdlib-common-1.8.10.jar;C:\Users\alfre\.gradle\caches\modules-2\files-2.1\org.jetbrains\annotations\13.0\919f0dfe192fb4e063e7dacadee7f8bb9a2672a9\annotations-13.0.jar
Launcher Type: SUN_STANDARD

[Global flags]
     intx CICompilerCount                          = 4                                         {product} {ergonomic}
     uint ConcGCThreads                            = 2                                         {product} {ergonomic}
     uint G1ConcRefinementThreads                  = 8                                         {product} {ergonomic}
   size_t G1HeapRegionSize                         = 2097152                                   {product} {ergonomic}
    uintx GCDrainStackTargetSize                   = 64                                        {product} {ergonomic}
   size_t InitialHeapSize                          = 262144000                                 {product} {ergonomic}
   size_t MarkStackSize                            = 4194304                                   {product} {ergonomic}
   size_t MaxHeapSize                              = 4177526784                                {product} {ergonomic}
   size_t MinHeapDeltaBytes                        = 2097152                                   {product} {ergonomic}
   size_t MinHeapSize                              = 8388608                                   {product} {ergonomic}
    uintx NonNMethodCodeHeapSize                   = 5839372                                {pd product} {ergonomic}
    uintx NonProfiledCodeHeapSize                  = 122909434                              {pd product} {ergonomic}
    uintx ProfiledCodeHeapSize                     = 122909434                              {pd product} {ergonomic}
    uintx ReservedCodeCacheSize                    = 251658240                              {pd product} {ergonomic}
     bool SegmentedCodeCache                       = true                                      {product} {ergonomic}
   size_t SoftMaxHeapSize                          = 4177526784                             {manageable} {ergonomic}
     bool UseCompressedClassPointers               = true                           {product lp64_product} {ergonomic}
     bool UseCompressedOops                        = true                           {product lp64_product} {ergonomic}
     bool UseG1GC                                  = true                                      {product} {ergonomic}
     bool UseLargePagesIndividualAllocation        = false                                  {pd product} {ergonomic}

Logging:
Log output configuration:
 #0: stdout all=warning uptime,level,tags
 #1: stderr all=off uptime,level,tags

Environment Variables:
PATH=C:\WINDOWS\system32;C:\WINDOWS;C:\WINDOWS\System32\Wbem;C:\WINDOWS\System32\WindowsPowerShell\v1.0\;C:\WINDOWS\System32\OpenSSH\;C:\Program Files\nodejs\;C:\Program Files\Git\cmd;C:\Users\alfre\AppData\Local\Microsoft\WindowsApps;C:\Users\alfre\AppData\Local\GitHubDesktop\bin;;C:\Users\alfre\AppData\Local\Programs\Microsoft VS Code\bin;C:\Users\alfre\AppData\Roaming\npm
USERNAME=alfre
OS=Windows_NT
PROCESSOR_IDENTIFIER=Intel64 Family 6 Model 140 Stepping 1, GenuineIntel
TMP=C:\Users\alfre\AppData\Local\Temp
TEMP=C:\Users\alfre\AppData\Local\Temp



---------------  S Y S T E M  ---------------

OS:
 Windows 11 , 64 bit Build 22621 (10.0.22621.2070)
OS uptime: 14 days 7:19 hours

CPU: total 8 (initial active 8) (4 cores per cpu, 2 threads per core) family 6 model 140 stepping 1 microcode 0x8a, cx8, cmov, fxsr, ht, mmx, 3dnowpref, sse, sse2, sse3, ssse3, sse4.1, sse4.2, popcnt, lzcnt, tsc, tscinvbit, avx, avx2, aes, erms, clmul, bmi1, bmi2, adx, avx512f, avx512dq, avx512cd, avx512bw, avx512vl, sha, fma, vzeroupper, avx512_vpopcntdq, avx512_vpclmulqdq, avx512_vaes, avx512_vnni, clflush, clflushopt, clwb, avx512_vbmi2, avx512_vbmi

Memory: 4k page, system-wide physical 15931M (116M free)
TotalPageFile size 22045M (AvailPageFile size 119M)
current process WorkingSet (physical memory assigned to process): 11M, peak: 11M
current process commit charge ("private bytes"): 60M, peak: 310M

vm_info: OpenJDK 64-Bit Server VM (17.0.6+0-b2043.56-9586694) for windows-amd64 JRE (17.0.6+0-b2043.56-9586694), built on Feb  9 2023 20:06:20 by "androidbuild" with MS VC++ 16.10 / 16.11 (VS2019)

END.
